# JRE version: Java(TM) SE Runtime Environment (7.0_40-b43) (build 1.7.0_40-b43)
# Java VM: Java HotSpot(TM) 64-Bit Server VM (24.0-b56 mixed mode windows-amd64 compressed oops)
Heap
 PSYoungGen      total 72704K, used 33292K [0x00000000eaa80000, 0x00000000f3880000, 0x0000000100000000)
  eden space 67584K, 45% used [0x00000000eaa80000,0x00000000ec842170,0x00000000eec80000)
  from space 5120K, 55% used [0x00000000eec80000,0x00000000eef41150,0x00000000ef180000)
  to   space 5120K, 0% used [0x00000000f3380000,0x00000000f3380000,0x00000000f3880000)
 ParOldGen       total 43520K, used 28939K [0x00000000c0000000, 0x00000000c2a80000, 0x00000000eaa80000)
  object space 43520K, 66% used [0x00000000c0000000,0x00000000c1c42eb8,0x00000000c2a80000)
 PSPermGen       total 21504K, used 7993K [0x00000000bae00000, 0x00000000bc300000, 0x00000000c0000000)
  object space 21504K, 37% used [0x00000000bae00000,0x00000000bb5ce528,0x00000000bc300000)
GC Heap History (10 events):
Event: 2.568 GC heap before
{Heap before GC invocations=3 (full 0):
 PSYoungGen      total 19456K, used 17173K [0x00000000eaa80000, 0x00000000ec000000, 0x0000000100000000)
  eden space 16896K, 97% used [0x00000000eaa80000,0x00000000eba85458,0x00000000ebb00000)
  from space 2560K, 30% used [0x00000000ebd80000,0x00000000ebe40000,0x00000000ec000000)
  to   space 2560K, 0% used [0x00000000ebb00000,0x00000000ebb00000,0x00000000ebd80000)
 ParOldGen       total 43520K, used 7416K [0x00000000c0000000, 0x00000000c2a80000, 0x00000000eaa80000)
  object space 43520K, 17% used [0x00000000c0000000,0x00000000c073e030,0x00000000c2a80000)
 PSPermGen       total 21504K, used 7976K [0x00000000bae00000, 0x00000000bc300000, 0x00000000c0000000)
  object space 21504K, 37% used [0x00000000bae00000,0x00000000bb5ca160,0x00000000bc300000)
Event: 2.575 GC heap after
Heap after GC invocations=3 (full 0):
 PSYoungGen      total 19456K, used 2542K [0x00000000eaa80000, 0x00000000ed080000, 0x0000000100000000)
  eden space 16896K, 0% used [0x00000000eaa80000,0x00000000eaa80000,0x00000000ebb00000)
  from space 2560K, 99% used [0x00000000ebb00000,0x00000000ebd7ba08,0x00000000ebd80000)
  to   space 2560K, 0% used [0x00000000ece00000,0x00000000ece00000,0x00000000ed080000)
 ParOldGen       total 43520K, used 8940K [0x00000000c0000000, 0x00000000c2a80000, 0x00000000eaa80000)
  object space 43520K, 20% used [0x00000000c0000000,0x00000000c08bb050,0x00000000c2a80000)
 PSPermGen       total 21504K, used 7976K [0x00000000bae00000, 0x00000000bc300000, 0x00000000c0000000)
  object space 21504K, 37% used [0x00000000bae00000,0x00000000bb5ca160,0x00000000bc300000)
}
Event: 2.829 GC heap before
{Heap before GC invocations=4 (full 0):
 PSYoungGen      total 19456K, used 18996K [0x00000000eaa80000, 0x00000000ed080000, 0x0000000100000000)
  eden space 16896K, 97% used [0x00000000eaa80000,0x00000000eba918c8,0x00000000ebb00000)
  from space 2560K, 99% used [0x00000000ebb00000,0x00000000ebd7ba08,0x00000000ebd80000)
  to   space 2560K, 0% used [0x00000000ece00000,0x00000000ece00000,0x00000000ed080000)
 ParOldGen       total 43520K, used 8940K [0x00000000c0000000, 0x00000000c2a80000, 0x00000000eaa80000)
  object space 43520K, 20% used [0x00000000c0000000,0x00000000c08bb050,0x00000000c2a80000)
 PSPermGen       total 21504K, used 7977K [0x00000000bae00000, 0x00000000bc300000, 0x00000000c0000000)
  object space 21504K, 37% used [0x00000000bae00000,0x00000000bb5ca590,0x00000000bc300000)
Event: 2.833 GC heap after
Heap after GC invocations=4 (full 0):
 PSYoungGen      total 36352K, used 2548K [0x00000000eaa80000, 0x00000000ed080000, 0x0000000100000000)
  eden space 33792K, 0% used [0x00000000eaa80000,0x00000000eaa80000,0x00000000ecb80000)
  from space 2560K, 99% used [0x00000000ece00000,0x00000000ed07d030,0x00000000ed080000)
  to   space 2560K, 0% used [0x00000000ecb80000,0x00000000ecb80000,0x00000000ece00000)
 ParOldGen       total 43520K, used 9856K [0x00000000c0000000, 0x00000000c2a80000, 0x00000000eaa80000)
  object space 43520K, 22% used [0x00000000c0000000,0x00000000c09a0060,0x00000000c2a80000)
 PSPermGen       total 21504K, used 7977K [0x00000000bae00000, 0x00000000bc300000, 0x00000000c0000000)
  object space 21504K, 37% used [0x00000000bae00000,0x00000000bb5ca590,0x00000000bc300000)
}
Event: 3.359 GC heap before
{Heap before GC invocations=5 (full 0):
 PSYoungGen      total 36352K, used 36035K [0x00000000eaa80000, 0x00000000ed080000, 0x0000000100000000)
  eden space 33792K, 99% used [0x00000000eaa80000,0x00000000ecb33e88,0x00000000ecb80000)
  from space 2560K, 99% used [0x00000000ece00000,0x00000000ed07d030,0x00000000ed080000)
  to   space 2560K, 0% used [0x00000000ecb80000,0x00000000ecb80000,0x00000000ece00000)
 ParOldGen       total 43520K, used 10756K [0x00000000c0000000, 0x00000000c2a80000, 0x00000000eaa80000)
  object space 43520K, 24% used [0x00000000c0000000,0x00000000c0a81070,0x00000000c2a80000)
 PSPermGen       total 21504K, used 7979K [0x00000000bae00000, 0x00000000bc300000, 0x00000000c0000000)
  object space 21504K, 37% used [0x00000000bae00000,0x00000000bb5cac60,0x00000000bc300000)
Event: 3.364 GC heap after
Heap after GC invocations=5 (full 0):
 PSYoungGen      total 36352K, used 2532K [0x00000000eaa80000, 0x00000000ef680000, 0x0000000100000000)
  eden space 33792K, 0% used [0x00000000eaa80000,0x00000000eaa80000,0x00000000ecb80000)
  from space 2560K, 98% used [0x00000000ecb80000,0x00000000ecdf9040,0x00000000ece00000)
  to   space 5120K, 0% used [0x00000000ef180000,0x00000000ef180000,0x00000000ef680000)
 ParOldGen       total 43520K, used 10796K [0x00000000c0000000, 0x00000000c2a80000, 0x00000000eaa80000)
  object space 43520K, 24% used [0x00000000c0000000,0x00000000c0a8b070,0x00000000c2a80000)
 PSPermGen       total 21504K, used 7979K [0x00000000bae00000, 0x00000000bc300000, 0x00000000c0000000)
  object space 21504K, 37% used [0x00000000bae00000,0x00000000bb5cac60,0x00000000bc300000)
}
Event: 4.158 GC heap before
{Heap before GC invocations=6 (full 0):
 PSYoungGen      total 36352K, used 36324K [0x00000000eaa80000, 0x00000000ef680000, 0x0000000100000000)
  eden space 33792K, 100% used [0x00000000eaa80000,0x00000000ecb80000,0x00000000ecb80000)
  from space 2560K, 98% used [0x00000000ecb80000,0x00000000ecdf9040,0x00000000ece00000)
  to   space 5120K, 0% used [0x00000000ef180000,0x00000000ef180000,0x00000000ef680000)
 ParOldGen       total 43520K, used 28263K [0x00000000c0000000, 0x00000000c2a80000, 0x00000000eaa80000)
  object space 43520K, 64% used [0x00000000c0000000,0x00000000c1b99e58,0x00000000c2a80000)
 PSPermGen       total 21504K, used 7981K [0x00000000bae00000, 0x00000000bc300000, 0x00000000c0000000)
  object space 21504K, 37% used [0x00000000bae00000,0x00000000bb5cb5c8,0x00000000bc300000)
Event: 4.161 GC heap after
Heap after GC invocations=6 (full 0):
 PSYoungGen      total 72704K, used 448K [0x00000000eaa80000, 0x00000000ef680000, 0x0000000100000000)
  eden space 67584K, 0% used [0x00000000eaa80000,0x00000000eaa80000,0x00000000eec80000)
  from space 5120K, 8% used [0x00000000ef180000,0x00000000ef1f0020,0x00000000ef680000)
  to   space 5120K, 0% used [0x00000000eec80000,0x00000000eec80000,0x00000000ef180000)
 ParOldGen       total 43520K, used 28263K [0x00000000c0000000, 0x00000000c2a80000, 0x00000000eaa80000)
  object space 43520K, 64% used [0x00000000c0000000,0x00000000c1b99e58,0x00000000c2a80000)
 PSPermGen       total 21504K, used 7981K [0x00000000bae00000, 0x00000000bc300000, 0x00000000c0000000)
  object space 21504K, 37% used [0x00000000bae00000,0x00000000bb5cb5c8,0x00000000bc300000)
}
Event: 5.166 GC heap before
{Heap before GC invocations=7 (full 0):
 PSYoungGen      total 72704K, used 68002K [0x00000000eaa80000, 0x00000000ef680000, 0x0000000100000000)
  eden space 67584K, 99% used [0x00000000eaa80000,0x00000000eec78b88,0x00000000eec80000)
  from space 5120K, 8% used [0x00000000ef180000,0x00000000ef1f0020,0x00000000ef680000)
  to   space 5120K, 0% used [0x00000000eec80000,0x00000000eec80000,0x00000000ef180000)
 ParOldGen       total 43520K, used 28563K [0x00000000c0000000, 0x00000000c2a80000, 0x00000000eaa80000)
  object space 43520K, 65% used [0x00000000c0000000,0x00000000c1be4e68,0x00000000c2a80000)
 PSPermGen       total 21504K, used 7988K [0x00000000bae00000, 0x00000000bc300000, 0x00000000c0000000)
  object space 21504K, 37% used [0x00000000bae00000,0x00000000bb5cd2e8,0x00000000bc300000)
Event: 5.172 GC heap after
Heap after GC invocations=7 (full 0):
 PSYoungGen      total 72704K, used 2820K [0x00000000eaa80000, 0x00000000f3880000, 0x0000000100000000)
  eden space 67584K, 0% used [0x00000000eaa80000,0x00000000eaa80000,0x00000000eec80000)
  from space 5120K, 55% used [0x00000000eec80000,0x00000000eef41150,0x00000000ef180000)
  to   space 5120K, 0% used [0x00000000f3380000,0x00000000f3380000,0x00000000f3880000)
 ParOldGen       total 43520K, used 28939K [0x00000000c0000000, 0x00000000c2a80000, 0x00000000eaa80000)
  object space 43520K, 66% used [0x00000000c0000000,0x00000000c1c42eb8,0x00000000c2a80000)
 PSPermGen       total 21504K, used 7988K [0x00000000bae00000, 0x00000000bc300000, 0x00000000c0000000)
  object space 21504K, 37% used [0x00000000bae00000,0x00000000bb5cd2e8,0x00000000bc300000)
}

